# JRE version: Java(TM) SE Runtime Environment (14.0.1+7) (build 14.0.1+7)
# Java VM: Java HotSpot(TM) 64-Bit Server VM (14.0.1+7, mixed mode, sharing, tiered, compressed oops, g1 gc, linux-amd64)
Heap:
 garbage-first heap   total 1048576K, used 704709K [0x00000000c0000000, 0x0000000100000000)
  region size 1024K, 614 young (628736K), 0 survivors (0K)
 Metaspace       used 161666K, capacity 173295K, committed 173548K, reserved 1196032K
  class space    used 22475K, capacity 27918K, committed 27936K, reserved 1048576K
GC Heap History (20 events):
Event: 4614.172 GC heap after
{Heap after GC invocations=37 (full 13):
 garbage-first heap   total 1048576K, used 53520K [0x00000000c0000000, 0x0000000100000000)
  region size 1024K, 0 young (0K), 0 survivors (0K)
 Metaspace       used 157976K, capacity 169015K, committed 170860K, reserved 1193984K
  class space    used 21904K, capacity 27137K, committed 27296K, reserved 1048576K
}
Event: 4614.274 GC heap before
{Heap before GC invocations=37 (full 13):
 garbage-first heap   total 1048576K, used 53520K [0x00000000c0000000, 0x0000000100000000)
  region size 1024K, 1 young (1024K), 0 survivors (0K)
 Metaspace       used 157976K, capacity 169015K, committed 170860K, reserved 1193984K
  class space    used 21904K, capacity 27137K, committed 27296K, reserved 1048576K
}
Event: 4614.361 GC heap after
{Heap after GC invocations=38 (full 14):
 garbage-first heap   total 1048576K, used 52925K [0x00000000c0000000, 0x0000000100000000)
  region size 1024K, 0 young (0K), 0 survivors (0K)
 Metaspace       used 157976K, capacity 169015K, committed 170860K, reserved 1193984K
  class space    used 21904K, capacity 27137K, committed 27296K, reserved 1048576K
}
Event: 8924.666 GC heap before
{Heap before GC invocations=38 (full 14):
 garbage-first heap   total 1048576K, used 136893K [0x00000000c0000000, 0x0000000100000000)
  region size 1024K, 84 young (86016K), 0 survivors (0K)
 Metaspace       used 157976K, capacity 169015K, committed 170860K, reserved 1193984K
  class space    used 21904K, capacity 27137K, committed 27296K, reserved 1048576K
}
Event: 8925.131 GC heap after
{Heap after GC invocations=39 (full 15):
 garbage-first heap   total 1048576K, used 71737K [0x00000000c0000000, 0x0000000100000000)
  region size 1024K, 0 young (0K), 0 survivors (0K)
 Metaspace       used 157976K, capacity 169015K, committed 170860K, reserved 1193984K
  class space    used 21904K, capacity 27137K, committed 27296K, reserved 1048576K
}
Event: 8925.133 GC heap before
{Heap before GC invocations=39 (full 15):
 garbage-first heap   total 1048576K, used 72761K [0x00000000c0000000, 0x0000000100000000)
  region size 1024K, 2 young (2048K), 0 survivors (0K)
 Metaspace       used 157976K, capacity 169015K, committed 170860K, reserved 1193984K
  class space    used 21904K, capacity 27137K, committed 27296K, reserved 1048576K
}
Event: 8925.414 GC heap after
{Heap after GC invocations=40 (full 16):
 garbage-first heap   total 1048576K, used 71073K [0x00000000c0000000, 0x0000000100000000)
  region size 1024K, 0 young (0K), 0 survivors (0K)
 Metaspace       used 157959K, capacity 168988K, committed 170860K, reserved 1193984K
  class space    used 21901K, capacity 27132K, committed 27296K, reserved 1048576K
}
Event: 9384.660 GC heap before
{Heap before GC invocations=40 (full 16):
 garbage-first heap   total 1048576K, used 699809K [0x00000000c0000000, 0x0000000100000000)
  region size 1024K, 614 young (628736K), 0 survivors (0K)
 Metaspace       used 159317K, capacity 170634K, committed 171116K, reserved 1193984K
  class space    used 22195K, capacity 27551K, committed 27552K, reserved 1048576K
}
Event: 9384.693 GC heap after
{Heap after GC invocations=41 (full 16):
 garbage-first heap   total 1048576K, used 75681K [0x00000000c0000000, 0x0000000100000000)
  region size 1024K, 5 young (5120K), 5 survivors (5120K)
 Metaspace       used 159317K, capacity 170634K, committed 171116K, reserved 1193984K
  class space    used 22195K, capacity 27551K, committed 27552K, reserved 1048576K
}
Event: 9475.217 GC heap before
{Heap before GC invocations=41 (full 16):
 garbage-first heap   total 1048576K, used 705441K [0x00000000c0000000, 0x0000000100000000)
  region size 1024K, 614 young (628736K), 5 survivors (5120K)
 Metaspace       used 160190K, capacity 171713K, committed 172012K, reserved 1193984K
  class space    used 22231K, capacity 27597K, committed 27680K, reserved 1048576K
}
Event: 9475.284 GC heap after
{Heap after GC invocations=42 (full 16):
 garbage-first heap   total 1048576K, used 77217K [0x00000000c0000000, 0x0000000100000000)
  region size 1024K, 6 young (6144K), 6 survivors (6144K)
 Metaspace       used 160190K, capacity 171713K, committed 172012K, reserved 1193984K
  class space    used 22231K, capacity 27597K, committed 27680K, reserved 1048576K
}
Event: 10075.703 GC heap before
{Heap before GC invocations=42 (full 16):
 garbage-first heap   total 1048576K, used 156065K [0x00000000c0000000, 0x0000000100000000)
  region size 1024K, 83 young (84992K), 6 survivors (6144K)
 Metaspace       used 160368K, capacity 171900K, committed 172012K, reserved 1193984K
  class space    used 22236K, capacity 27605K, committed 27680K, reserved 1048576K
}
Event: 10076.059 GC heap after
{Heap after GC invocations=43 (full 17):
 garbage-first heap   total 1048576K, used 53385K [0x00000000c0000000, 0x0000000100000000)
  region size 1024K, 0 young (0K), 0 survivors (0K)
 Metaspace       used 159686K, capacity 171060K, committed 172012K, reserved 1193984K
  class space    used 22211K, capacity 27565K, committed 27680K, reserved 1048576K
}
Event: 10076.144 GC heap before
{Heap before GC invocations=43 (full 17):
 garbage-first heap   total 1048576K, used 53385K [0x00000000c0000000, 0x0000000100000000)
  region size 1024K, 1 young (1024K), 0 survivors (0K)
 Metaspace       used 159686K, capacity 171060K, committed 172012K, reserved 1193984K
  class space    used 22211K, capacity 27565K, committed 27680K, reserved 1048576K
}
Event: 10076.256 GC heap after
{Heap after GC invocations=44 (full 18):
 garbage-first heap   total 1048576K, used 53289K [0x00000000c0000000, 0x0000000100000000)
  region size 1024K, 0 young (0K), 0 survivors (0K)
 Metaspace       used 159686K, capacity 171060K, committed 172012K, reserved 1193984K
  class space    used 22211K, capacity 27565K, committed 27680K, reserved 1048576K
}
Event: 11839.617 GC heap before
{Heap before GC invocations=44 (full 18):
 garbage-first heap   total 1048576K, used 119849K [0x00000000c0000000, 0x0000000100000000)
  region size 1024K, 65 young (66560K), 0 survivors (0K)
 Metaspace       used 159766K, capacity 171146K, committed 172012K, reserved 1193984K
  class space    used 22213K, capacity 27569K, committed 27680K, reserved 1048576K
}
Event: 11840.071 GC heap after
{Heap after GC invocations=45 (full 19):
 garbage-first heap   total 1048576K, used 73539K [0x00000000c0000000, 0x0000000100000000)
  region size 1024K, 0 young (0K), 0 survivors (0K)
 Metaspace       used 159697K, capacity 171062K, committed 172012K, reserved 1193984K
  class space    used 22211K, capacity 27565K, committed 27680K, reserved 1048576K
}
Event: 11840.135 GC heap before
{Heap before GC invocations=45 (full 19):
 garbage-first heap   total 1048576K, used 74563K [0x00000000c0000000, 0x0000000100000000)
  region size 1024K, 2 young (2048K), 0 survivors (0K)
 Metaspace       used 159697K, capacity 171062K, committed 172012K, reserved 1193984K
  class space    used 22211K, capacity 27565K, committed 27680K, reserved 1048576K
}
Event: 11840.287 GC heap after
{Heap after GC invocations=46 (full 20):
 garbage-first heap   total 1048576K, used 72901K [0x00000000c0000000, 0x0000000100000000)
  region size 1024K, 0 young (0K), 0 survivors (0K)
 Metaspace       used 159686K, capacity 171044K, committed 172012K, reserved 1193984K
  class space    used 22209K, capacity 27562K, committed 27680K, reserved 1048576K
}
Event: 12120.319 GC heap before
{Heap before GC invocations=46 (full 20):
 garbage-first heap   total 1048576K, used 703685K [0x00000000c0000000, 0x0000000100000000)
  region size 1024K, 614 young (628736K), 0 survivors (0K)
 Metaspace       used 161666K, capacity 173295K, committed 173548K, reserved 1196032K
  class space    used 22475K, capacity 27918K, committed 27936K, reserved 1048576K
}

