# JRE version: OpenJDK Runtime Environment AdoptOpenJDK-11.0.11+9 (11.0.11+9) (build 11.0.11+9)
# Java VM: OpenJDK 64-Bit Server VM AdoptOpenJDK-11.0.11+9 (11.0.11+9, mixed mode, tiered, compressed oops, g1 gc, linux-amd64)
Heap:
 garbage-first heap   total 258048K, used 183204K [0x00000000e0000000, 0x0000000100000000)
  region size 1024K, 52 young (53248K), 2 survivors (2048K)
 Metaspace       used 230740K, capacity 243352K, committed 243540K, reserved 1257472K
  class space    used 29498K, capacity 35467K, committed 35532K, reserved 1048576K
GC Heap History (20 events):
Event: 9351.614 GC heap before
{Heap before GC invocations=487 (full 0):
 garbage-first heap   total 258048K, used 144696K [0x00000000e0000000, 0x0000000100000000)
  region size 1024K, 12 young (12288K), 4 survivors (4096K)
 Metaspace       used 230346K, capacity 242906K, committed 243284K, reserved 1257472K
  class space    used 29464K, capacity 35420K, committed 35532K, reserved 1048576K
}
Event: 9351.619 GC heap after
{Heap after GC invocations=488 (full 0):
 garbage-first heap   total 258048K, used 131370K [0x00000000e0000000, 0x0000000100000000)
  region size 1024K, 1 young (1024K), 1 survivors (1024K)
 Metaspace       used 230346K, capacity 242906K, committed 243284K, reserved 1257472K
  class space    used 29464K, capacity 35420K, committed 35532K, reserved 1048576K
}
Event: 9433.685 GC heap before
{Heap before GC invocations=488 (full 0):
 garbage-first heap   total 258048K, used 202026K [0x00000000e0000000, 0x0000000100000000)
  region size 1024K, 71 young (72704K), 1 survivors (1024K)
 Metaspace       used 230477K, capacity 243043K, committed 243284K, reserved 1257472K
  class space    used 29477K, capacity 35440K, committed 35532K, reserved 1048576K
}
Event: 9433.722 GC heap after
{Heap after GC invocations=489 (full 0):
 garbage-first heap   total 258048K, used 131266K [0x00000000e0000000, 0x0000000100000000)
  region size 1024K, 1 young (1024K), 1 survivors (1024K)
 Metaspace       used 230477K, capacity 243043K, committed 243284K, reserved 1257472K
  class space    used 29477K, capacity 35440K, committed 35532K, reserved 1048576K
}
Event: 11825.640 GC heap before
{Heap before GC invocations=490 (full 0):
 garbage-first heap   total 258048K, used 207042K [0x00000000e0000000, 0x0000000100000000)
  region size 1024K, 75 young (76800K), 1 survivors (1024K)
 Metaspace       used 230516K, capacity 243060K, committed 243284K, reserved 1257472K
  class space    used 29478K, capacity 35440K, committed 35532K, reserved 1048576K
}
Event: 11825.831 GC heap after
{Heap after GC invocations=491 (full 0):
 garbage-first heap   total 258048K, used 145027K [0x00000000e0000000, 0x0000000100000000)
  region size 1024K, 10 young (10240K), 10 survivors (10240K)
 Metaspace       used 230516K, capacity 243060K, committed 243284K, reserved 1257472K
  class space    used 29478K, capacity 35440K, committed 35532K, reserved 1048576K
}
Event: 11825.846 GC heap before
{Heap before GC invocations=491 (full 0):
 garbage-first heap   total 258048K, used 147075K [0x00000000e0000000, 0x0000000100000000)
  region size 1024K, 12 young (12288K), 10 survivors (10240K)
 Metaspace       used 230516K, capacity 243060K, committed 243284K, reserved 1257472K
  class space    used 29478K, capacity 35440K, committed 35532K, reserved 1048576K
}
Event: 11825.888 GC heap after
{Heap after GC invocations=492 (full 0):
 garbage-first heap   total 258048K, used 144918K [0x00000000e0000000, 0x0000000100000000)
  region size 1024K, 2 young (2048K), 2 survivors (2048K)
 Metaspace       used 230516K, capacity 243060K, committed 243284K, reserved 1257472K
  class space    used 29478K, capacity 35440K, committed 35532K, reserved 1048576K
}
Event: 11825.969 GC heap before
{Heap before GC invocations=492 (full 0):
 garbage-first heap   total 258048K, used 151062K [0x00000000e0000000, 0x0000000100000000)
  region size 1024K, 9 young (9216K), 2 survivors (2048K)
 Metaspace       used 230521K, capacity 243060K, committed 243284K, reserved 1257472K
  class space    used 29478K, capacity 35440K, committed 35532K, reserved 1048576K
}
Event: 11825.990 GC heap after
{Heap after GC invocations=493 (full 0):
 garbage-first heap   total 258048K, used 145745K [0x00000000e0000000, 0x0000000100000000)
  region size 1024K, 3 young (3072K), 3 survivors (3072K)
 Metaspace       used 230521K, capacity 243060K, committed 243284K, reserved 1257472K
  class space    used 29478K, capacity 35440K, committed 35532K, reserved 1048576K
}
Event: 11837.798 GC heap before
{Heap before GC invocations=494 (full 0):
 garbage-first heap   total 258048K, used 198993K [0x00000000e0000000, 0x0000000100000000)
  region size 1024K, 61 young (62464K), 3 survivors (3072K)
 Metaspace       used 230533K, capacity 243049K, committed 243284K, reserved 1257472K
  class space    used 29479K, capacity 35440K, committed 35532K, reserved 1048576K
}
Event: 11837.824 GC heap after
{Heap after GC invocations=495 (full 0):
 garbage-first heap   total 258048K, used 150694K [0x00000000e0000000, 0x0000000100000000)
  region size 1024K, 8 young (8192K), 8 survivors (8192K)
 Metaspace       used 230533K, capacity 243049K, committed 243284K, reserved 1257472K
  class space    used 29479K, capacity 35440K, committed 35532K, reserved 1048576K
}
Event: 11837.943 GC heap before
{Heap before GC invocations=495 (full 0):
 garbage-first heap   total 258048K, used 153766K [0x00000000e0000000, 0x0000000100000000)
  region size 1024K, 12 young (12288K), 8 survivors (8192K)
 Metaspace       used 230537K, capacity 243054K, committed 243284K, reserved 1257472K
  class space    used 29479K, capacity 35440K, committed 35532K, reserved 1048576K
}
Event: 11837.983 GC heap after
{Heap after GC invocations=496 (full 0):
 garbage-first heap   total 258048K, used 141431K [0x00000000e0000000, 0x0000000100000000)
  region size 1024K, 2 young (2048K), 2 survivors (2048K)
 Metaspace       used 230537K, capacity 243054K, committed 243284K, reserved 1257472K
  class space    used 29479K, capacity 35440K, committed 35532K, reserved 1048576K
}
Event: 11858.867 GC heap before
{Heap before GC invocations=496 (full 0):
 garbage-first heap   total 258048K, used 201847K [0x00000000e0000000, 0x0000000100000000)
  region size 1024K, 61 young (62464K), 2 survivors (2048K)
 Metaspace       used 230592K, capacity 243103K, committed 243284K, reserved 1257472K
  class space    used 29490K, capacity 35455K, committed 35532K, reserved 1048576K
}
Event: 11858.882 GC heap after
{Heap after GC invocations=497 (full 0):
 garbage-first heap   total 258048K, used 143479K [0x00000000e0000000, 0x0000000100000000)
  region size 1024K, 4 young (4096K), 4 survivors (4096K)
 Metaspace       used 230592K, capacity 243103K, committed 243284K, reserved 1257472K
  class space    used 29490K, capacity 35455K, committed 35532K, reserved 1048576K
}
Event: 11945.519 GC heap before
{Heap before GC invocations=498 (full 0):
 garbage-first heap   total 258048K, used 198775K [0x00000000e0000000, 0x0000000100000000)
  region size 1024K, 64 young (65536K), 4 survivors (4096K)
 Metaspace       used 230680K, capacity 243257K, committed 243540K, reserved 1257472K
  class space    used 29490K, capacity 35455K, committed 35532K, reserved 1048576K
}
Event: 11945.533 GC heap after
{Heap after GC invocations=499 (full 0):
 garbage-first heap   total 258048K, used 142451K [0x00000000e0000000, 0x0000000100000000)
  region size 1024K, 8 young (8192K), 8 survivors (8192K)
 Metaspace       used 230680K, capacity 243257K, committed 243540K, reserved 1257472K
  class space    used 29490K, capacity 35455K, committed 35532K, reserved 1048576K
}
Event: 11945.555 GC heap before
{Heap before GC invocations=499 (full 0):
 garbage-first heap   total 258048K, used 146547K [0x00000000e0000000, 0x0000000100000000)
  region size 1024K, 12 young (12288K), 8 survivors (8192K)
 Metaspace       used 230680K, capacity 243257K, committed 243540K, reserved 1257472K
  class space    used 29490K, capacity 35455K, committed 35532K, reserved 1048576K
}
Event: 11945.578 GC heap after
{Heap after GC invocations=500 (full 0):
 garbage-first heap   total 258048K, used 134052K [0x00000000e0000000, 0x0000000100000000)
  region size 1024K, 2 young (2048K), 2 survivors (2048K)
 Metaspace       used 230680K, capacity 243257K, committed 243540K, reserved 1257472K
  class space    used 29490K, capacity 35455K, committed 35532K, reserved 1048576K
}

